<?xml version="1.0" encoding="utf-8"?><testsuites name="pytest tests"><testsuite name="pytest" errors="0" failures="1" skipped="0" tests="12" time="35.634" timestamp="2026-08-02T05:44:43.241164+00:00" hostname="agent-env-b466b97e-2471-4939-be72-503dbc1b54c5"><testcase classname="tests.test_new_features.TestSecurity" name="test_rules_crud" time="0.897" /><testcase classname="tests.test_new_features.TestQR" name="test_qr_create_list_and_hidden_from_links" time="0.853" /><testcase classname="tests.test_new_features.TestSecurity" name="test_simulate" time="0.592" /><testcase classname="tests.test_new_features.TestQR" name="test_qr_unsafe_url_400" time="0.635" /><testcase classname="tests.test_new_features.TestQR" name="test_qr_dynamic_update_and_versions" time="0.924"><failure message="assert 403 == 302&#10; +  where 403 = &lt;Response [403]&gt;.status_code">backend/tests/test_new_features.py:99: in test_qr_dynamic_update_and_versions
    assert rr.status_code == 302
E   assert 403 == 302
E    +  where 403 = &lt;Response [403]&gt;.status_code</failure></testcase><testcase classname="tests.test_new_features.TestSecurity" name="test_bot_rule_blocks_redirect" time="16.920" /><testcase classname="tests.test_new_features.TestQR" name="test_qr_pause_resume_delete" time="0.573" /><testcase classname="tests.test_new_features.TestAnalyticsFilters" name="test_overview_with_range_and_compare" time="0.398" /><testcase classname="tests.test_new_features.TestAnalyticsFilters" name="test_link_analytics_range_and_compare" time="2.526" /><testcase classname="tests.test_new_features.TestAnalyticsFilters" name="test_export_csv_ok" time="2.525" /><testcase classname="tests.test_new_features.TestAnalyticsFilters" name="test_export_csv_non_member_404" time="0.722" /><testcase classname="tests.test_new_features.TestSecurity" name="test_challenge_flow" time="16.708" /></testsuite></testsuites>