<?xml version="1.0" encoding="utf-8"?><testsuites name="pytest tests"><testsuite name="pytest" errors="0" failures="0" skipped="0" tests="9" time="4.152" timestamp="2026-08-02T06:01:01.165663+00:00" hostname="agent-env-b466b97e-2471-4939-be72-503dbc1b54c5"><testcase classname="tests.test_billing_features.TestBillingRoles" name="test_plans_is_public" time="0.204" /><testcase classname="tests.test_billing_features.TestQuota" name="test_qr_limit_on_free_plan" time="0.832" /><testcase classname="tests.test_billing_features.TestBillingRoles" name="test_owner_gets_role_in_subscription" time="0.536" /><testcase classname="tests.test_billing_features.TestQuota" name="test_smart_link_limit_on_free_plan" time="1.256" /><testcase classname="tests.test_billing_features.TestBillingRoles" name="test_analyst_forbidden_on_billing" time="1.221" /><testcase classname="tests.test_billing_features.TestBillingRoles" name="test_unauthenticated_billing_blocked" time="0.127" /><testcase classname="tests.test_billing_features.TestQuota" name="test_upgrade_removes_qr_limit" time="1.265" /><testcase classname="tests.test_billing_features.TestReceipts" name="test_receipt_pdf_after_payment" time="0.819" /><testcase classname="tests.test_billing_features.TestReceipts" name="test_receipt_unknown_invoice_404" time="0.492" /></testsuite></testsuites>