<?xml version="1.0" encoding="utf-8"?><testsuites name="pytest tests"><testsuite name="pytest" errors="0" failures="1" skipped="0" tests="19" time="38.504" timestamp="2026-08-02T06:34:33.972203+00:00" hostname="agent-env-b466b97e-2471-4939-be72-503dbc1b54c5"><testcase classname="tests.test_iter4_security.TestBlockerAPI" name="test_invalid_apikey" time="0.197" /><testcase classname="tests.test_iter4_security.TestBlockerAPI" name="test_v1_dc_blocks" time="0.676" /><testcase classname="tests.test_iter4_security.TestAdmin" name="test_non_admin_forbidden" time="0.954" /><testcase classname="tests.test_iter4_security.TestBlockerAPI" name="test_v1_human_pass" time="0.713" /><testcase classname="tests.test_iter4_security.TestAdmin" name="test_overview" time="0.543" /><testcase classname="tests.test_iter4_security.TestAdmin" name="test_lists" time="0.767" /><testcase classname="tests.test_iter4_security.TestBlockerAPI" name="test_v2_echoes" time="0.688" /><testcase classname="tests.test_iter4_security.TestAdmin" name="test_global_blocklist_crud" time="0.787" /><testcase classname="tests.test_iter4_security.TestBlockerAPI" name="test_request_count_increments" time="1.140" /><testcase classname="tests.test_iter4_security.TestIPLists" name="test_ip_rule_crud_and_validation" time="0.724" /><testcase classname="tests.test_iter4_security.TestPerLinkProtection" name="test_defaults_and_patch" time="0.679" /><testcase classname="tests.test_iter4_security.TestIPLists" name="test_blocklist_blocks_redirect" time="16.796" /><testcase classname="tests.test_iter4_security.TestPerLinkProtection" name="test_bad_block_action" time="0.452" /><testcase classname="tests.test_iter4_security.TestPerLinkProtection" name="test_datacenter_fallback_302" time="0.626" /><testcase classname="tests.test_iter4_security.TestFeeds" name="test_feeds" time="0.361" /><testcase classname="tests.test_iter4_security.TestRegressionChallenge" name="test_bot_challenge_default" time="0.474"><failure message="assert 403 == 200&#10; +  where 403 = &lt;Response [403]&gt;.status_code">backend/tests/test_iter4_security.py:248: in test_bot_challenge_default
    assert r.status_code == 200
E   assert 403 == 200
E    +  where 403 = &lt;Response [403]&gt;.status_code</failure></testcase><testcase classname="tests.test_iter4_security.TestIPLists" name="test_allowlist_overrides" time="16.679" /><testcase classname="tests.test_iter4_security.TestSimulator" name="test_simulate_bot_and_dc" time="0.376" /><testcase classname="tests.test_iter4_security.TestSimulator" name="test_is_tor_rule" time="0.362" /></testsuite></testsuites>