<?xml version="1.0" encoding="utf-8"?><testsuites name="pytest tests"><testsuite name="pytest" errors="0" failures="0" skipped="0" tests="16" time="22.100" timestamp="2026-08-02T16:34:17.772980+00:00" hostname="agent-env-b466b97e-2471-4939-be72-503dbc1b54c5"><testcase classname="tests.test_iter5_presets_geo.TestCreateWithPreset" name="test_strict_preset" time="1.079" /><testcase classname="tests.test_iter5_presets_geo.TestGeoDetection" name="test_id_ip" time="0.995" /><testcase classname="tests.test_iter5_presets_geo.TestGeoDetection" name="test_us_ip" time="0.631" /><testcase classname="tests.test_iter5_presets_geo.TestCreateWithPreset" name="test_moderate_preset" time="0.595" /><testcase classname="tests.test_iter5_presets_geo.TestGeoDetection" name="test_au_ip" time="0.606" /><testcase classname="tests.test_iter5_presets_geo.TestCreateWithPreset" name="test_off_preset" time="0.640" /><testcase classname="tests.test_iter5_presets_geo.TestCreateWithPreset" name="test_unknown_preset_400" time="0.552" /><testcase classname="tests.test_iter5_presets_geo.TestGeoDetection" name="test_explicit_country_preserved" time="0.622" /><testcase classname="tests.test_iter5_presets_geo.TestPatchPreset" name="test_apply_moderate" time="0.685" /><testcase classname="tests.test_iter5_presets_geo.TestRegression" name="test_link_crud_pause_resume" time="1.120" /><testcase classname="tests.test_iter5_presets_geo.TestPatchPreset" name="test_custom_with_override" time="0.412" /><testcase classname="tests.test_iter5_presets_geo.TestPatchPreset" name="test_manual_field_switches_to_custom" time="0.651" /><testcase classname="tests.test_iter5_presets_geo.TestRegression" name="test_simulator_basic" time="0.572" /><testcase classname="tests.test_iter5_presets_geo.TestPresetsEndpoint" name="test_list_presets" time="0.598" /><testcase classname="tests.test_iter5_presets_geo.TestGetProtectionPreset" name="test_legacy_off_inferred" time="0.590" /><testcase classname="tests.test_iter5_presets_geo.TestCountryBlockingSimulate" name="test_id_blocked_via_workspace_rule" time="16.456" /></testsuite></testsuites>