<?xml version="1.0" encoding="utf-8"?><testsuites name="pytest tests"><testsuite name="pytest" errors="0" failures="0" skipped="0" tests="10" time="4.681" timestamp="2026-08-02T16:45:24.497136+00:00" hostname="agent-env-b466b97e-2471-4939-be72-503dbc1b54c5"><testcase classname="tests.test_iter6_qr_presets_geo.TestQRCreateWithPreset" name="test_strict_preset" time="0.674" /><testcase classname="tests.test_iter6_qr_presets_geo.TestCountryAnalytics" name="test_overview_top_countries_shape" time="0.629" /><testcase classname="tests.test_iter6_qr_presets_geo.TestCountryAnalytics" name="test_geo_end_to_end_id_us" time="2.515" /><testcase classname="tests.test_iter6_qr_presets_geo.TestQRCreateWithPreset" name="test_moderate_preset" time="0.597" /><testcase classname="tests.test_iter6_qr_presets_geo.TestQRCreateWithPreset" name="test_off_preset" time="0.471" /><testcase classname="tests.test_iter6_qr_presets_geo.TestQRCreateWithPreset" name="test_omitted_preset" time="0.418" /><testcase classname="tests.test_iter6_qr_presets_geo.TestQRCreateWithPreset" name="test_unknown_preset_400" time="0.362" /><testcase classname="tests.test_iter6_qr_presets_geo.TestQRRegression" name="test_qr_crud_pause_resume_versioning" time="0.686" /><testcase classname="tests.test_iter6_qr_presets_geo.TestQRPatchProtection" name="test_patch_moderate_on_qr" time="0.518" /><testcase classname="tests.test_iter6_qr_presets_geo.TestQRRedirectEnforcement" name="test_strict_blocks_bot_ua_allows_chrome" time="0.662" /></testsuite></testsuites>