<?xml version="1.0" encoding="utf-8"?><testsuites name="pytest tests"><testsuite name="pytest" errors="0" failures="0" skipped="0" tests="18" time="11.606" timestamp="2026-08-02T17:02:19.741246+00:00" hostname="agent-env-b466b97e-2471-4939-be72-503dbc1b54c5"><testcase classname="tests.test_iter7_webhooks_domains.TestWebhooks" name="test_event_types" time="1.400" /><testcase classname="tests.test_iter7_webhooks_domains.TestWebhooks" name="test_create_lists_secret_hidden" time="0.095" /><testcase classname="tests.test_iter7_webhooks_domains.TestCustomDomains" name="test_invalid_domain" time="1.451" /><testcase classname="tests.test_iter7_webhooks_domains.TestCustomDomains" name="test_add_domain" time="0.053" /><testcase classname="tests.test_iter7_webhooks_domains.TestWebhooks" name="test_reject_private_url" time="0.051" /><testcase classname="tests.test_iter7_webhooks_domains.TestCustomDomains" name="test_list_includes_edge_host" time="0.048" /><testcase classname="tests.test_iter7_webhooks_domains.TestWebhooks" name="test_reject_empty_events" time="0.044" /><testcase classname="tests.test_iter7_webhooks_domains.TestCustomDomains" name="test_duplicate_domain" time="0.090" /><testcase classname="tests.test_iter7_webhooks_domains.TestWebhooks" name="test_patch_toggle_and_events" time="0.130" /><testcase classname="tests.test_iter7_webhooks_domains.TestCustomDomains" name="test_verify_returns_not_found" time="0.071" /><testcase classname="tests.test_iter7_webhooks_domains.TestCustomDomains" name="test_set_primary_guard_before_verified" time="0.050" /><testcase classname="tests.test_iter7_webhooks_domains.TestWebhooks" name="test_test_ping_success" time="0.479" /><testcase classname="tests.test_iter7_webhooks_domains.TestCustomDomains" name="test_delete_domain" time="0.067" /><testcase classname="tests.test_iter7_webhooks_domains.TestDomainsRBAC" name="test_member_forbidden" time="0.421" /><testcase classname="tests.test_iter7_webhooks_domains.TestWebhooks" name="test_test_ping_failure_retries" time="7.586" /><testcase classname="tests.test_iter7_webhooks_domains.TestWebhooks" name="test_rotate_secret" time="0.047" /><testcase classname="tests.test_iter7_webhooks_domains.TestWebhooks" name="test_dispatch_on_real_click_recorded" time="1.200" /><testcase classname="tests.test_iter7_webhooks_domains.TestWebhooks" name="test_delete_webhook" time="0.235" /></testsuite></testsuites>