<?xml version="1.0" encoding="utf-8"?><testsuites name="pytest tests"><testsuite name="pytest" errors="0" failures="1" skipped="0" tests="4" time="1.394" timestamp="2026-08-02T21:00:59.643958+00:00" hostname="agent-env-b466b97e-2471-4939-be72-503dbc1b54c5"><testcase classname="tests.test_iteration_14" name="test_moderate_allows_chrome" time="0.444" /><testcase classname="tests.test_iteration_14" name="test_moderate_blocks_bot" time="0.103" /><testcase classname="tests.test_iteration_14" name="test_strict_blocks_chrome" time="0.096" /><testcase classname="tests.test_iteration_14" name="test_links_api_blocked_count" time="0.427"><failure message="AssertionError: blocked_count expected 3 got 4&#10;assert 4 == 3&#10; +  where 4 = &lt;built-in method get of dict object at 0xf8114f44ec00&gt;('blocked_count')&#10; +    where &lt;built-in method get of dict object at 0xf8114f44ec00&gt; = {'id': 'c9c31302-97b0-4291-b802-c854db14141f', 'workspace_id': 'c5a21b8e-1fdc-4bc8-9265-5601095c4390', 'name': 'Signals Demo', 'destination_url': 'https://example.com/', ...}.get">backend/tests/test_iteration_14.py:57: in test_links_api_blocked_count
    assert hp.get("blocked_count") == 3, f"blocked_count expected 3 got {hp.get('blocked_count')}"
E   AssertionError: blocked_count expected 3 got 4
E   assert 4 == 3
E    +  where 4 = &lt;built-in method get of dict object at 0xf8114f44ec00&gt;('blocked_count')
E    +    where &lt;built-in method get of dict object at 0xf8114f44ec00&gt; = {'id': 'c9c31302-97b0-4291-b802-c854db14141f', 'workspace_id': 'c5a21b8e-1fdc-4bc8-9265-5601095c4390', 'name': 'Signals Demo', 'destination_url': 'https://example.com/', ...}.get</failure></testcase></testsuite></testsuites>