<?xml version="1.0" encoding="utf-8"?><testsuites name="pytest tests"><testsuite name="pytest" errors="0" failures="0" skipped="0" tests="12" time="10.649" timestamp="2026-08-10T03:54:15.547765+00:00" hostname="agent-env-2e02b9fa-da20-4c89-8dec-d2a1b21b62fc"><testcase classname="tests.test_iteration_20_klikqris" name="test_wallet_summary_active_gateway" time="0.487" /><testcase classname="tests.test_iteration_20_klikqris" name="test_payment_config_get" time="0.375" /><testcase classname="tests.test_iteration_20_klikqris" name="test_payment_config_put_klikqris" time="0.048" /><testcase classname="tests.test_iteration_20_klikqris" name="test_active_gateway_invalid" time="0.048" /><testcase classname="tests.test_iteration_20_klikqris" name="test_active_gateway_switch" time="0.155" /><testcase classname="tests.test_iteration_20_klikqris" name="test_topup_mayar_regression" time="5.232" /><testcase classname="tests.test_iteration_20_klikqris" name="test_topup_klikqris_routing_502" time="1.047" /><testcase classname="tests.test_iteration_20_klikqris" name="test_payment_config_test_klikqris" time="0.834" /><testcase classname="tests.test_iteration_20_klikqris" name="test_payment_config_test_mayar" time="1.370" /><testcase classname="tests.test_iteration_20_klikqris" name="test_klikqris_webhook_unmatched" time="0.173" /><testcase classname="tests.test_iteration_20_klikqris" name="test_klikqris_webhook_invalid_json" time="0.096" /><testcase classname="tests.test_iteration_20_klikqris" name="test_billing_passes_regression" time="0.459" /></testsuite></testsuites>