<?xml version="1.0" encoding="utf-8"?><testsuites name="pytest tests"><testsuite name="pytest" errors="0" failures="0" skipped="1" tests="21" time="2.724" timestamp="2026-08-02T19:39:31.227359+00:00" hostname="agent-env-b466b97e-2471-4939-be72-503dbc1b54c5"><testcase classname="tests.test_iter10_support.TestPublicTickets" name="test_create_public_valid" time="0.165" /><testcase classname="tests.test_iter10_support.TestPublicTickets" name="test_create_public_unknown_category_falls_back" time="0.504" /><testcase classname="tests.test_iter10_support.TestPublicTickets" name="test_public_validation_422[bad_payload0]" time="0.101" /><testcase classname="tests.test_iter10_support.TestPublicTickets" name="test_public_validation_422[bad_payload1]" time="0.108" /><testcase classname="tests.test_iter10_support.TestPublicTickets" name="test_public_validation_422[bad_payload2]" time="0.096" /><testcase classname="tests.test_iter10_support.TestPublicTickets" name="test_public_validation_422[bad_payload3]" time="0.117" /><testcase classname="tests.test_iter10_support.TestUserTickets" name="test_create_user_ticket" time="0.386" /><testcase classname="tests.test_iter10_support.TestUserTickets" name="test_list_scoped_to_caller" time="0.051" /><testcase classname="tests.test_iter10_support.TestUserTickets" name="test_get_owner_only" time="0.107" /><testcase classname="tests.test_iter10_support.TestUserTickets" name="test_user_list_does_not_show_public_ticket" time="0.049" /><testcase classname="tests.test_iter10_support.TestAdminManagement" name="test_non_admin_forbidden" time="0.204" /><testcase classname="tests.test_iter10_support.TestAdminManagement" name="test_admin_list_open_count" time="0.050" /><testcase classname="tests.test_iter10_support.TestAdminManagement" name="test_admin_status_filter" time="0.053" /><testcase classname="tests.test_iter10_support.TestAdminManagement" name="test_admin_get_detail" time="0.054" /><testcase classname="tests.test_iter10_support.TestAdminReplyNotify" name="test_admin_reply_sets_pending_and_notifies" time="0.167" /><testcase classname="tests.test_iter10_support.TestAdminReplyNotify" name="test_user_reply_reopens" time="0.053" /><testcase classname="tests.test_iter10_support.TestAdminReplyNotify" name="test_admin_reply_on_public_ticket_no_error" time="0.053" /><testcase classname="tests.test_iter10_support.TestAdminPatch" name="test_patch_invalid_status" time="0.052" /><testcase classname="tests.test_iter10_support.TestAdminPatch" name="test_patch_invalid_priority" time="0.048" /><testcase classname="tests.test_iter10_support.TestAdminPatch" name="test_patch_status_resolves_and_notifies" time="0.161" /><testcase classname="tests.test_iter10_support" name="test_zz_cleanup_created_tickets" time="0.063"><skipped type="pytest.skip" message="MONGO_URL / DB_NAME not available in test env">/app/backend/tests/test_iter10_support.py:272: MONGO_URL / DB_NAME not available in test env</skipped></testcase></testsuite></testsuites>