<?xml version="1.0" encoding="utf-8"?><testsuites name="pytest tests"><testsuite name="pytest" errors="0" failures="0" skipped="0" tests="24" time="20.340" timestamp="2026-08-04T04:17:20.579531+00:00" hostname="agent-env-b466b97e-2471-4939-be72-503dbc1b54c5"><testcase classname="tests.test_iteration_18_partners_redesign.TestPartnerDetailShape" name="test_detail_returns_only_partner_and_stats" time="0.502" /><testcase classname="tests.test_iteration_18_partners_redesign.TestPartnerDetailShape" name="test_ping_returns_partner_and_bounds" time="0.105" /><testcase classname="tests.test_iteration_18_partners_redesign.TestPaginatedCharges" name="test_page1_shape_and_limit" time="0.050" /><testcase classname="tests.test_iteration_18_partners_redesign.TestPaginatedCharges" name="test_page2_returns_remainder" time="0.047" /><testcase classname="tests.test_iteration_18_partners_redesign.TestPaginatedCharges" name="test_filter_by_status_paid" time="0.045" /><testcase classname="tests.test_iteration_18_partners_redesign.TestPaginatedCharges" name="test_filter_by_status_expired" time="0.047" /><testcase classname="tests.test_iteration_18_partners_redesign.TestPaginatedCharges" name="test_search_by_reference" time="0.045" /><testcase classname="tests.test_iteration_18_partners_redesign.TestPaginatedCharges" name="test_search_regex_escaped" time="0.048" /><testcase classname="tests.test_iteration_18_partners_redesign.TestPaginatedDeliveries" name="test_deliveries_paginated_shape" time="0.047" /><testcase classname="tests.test_iteration_18_partners_redesign.TestPaginatedDeliveries" name="test_deliveries_status_filter" time="0.046" /><testcase classname="tests.test_iteration_18_partners_redesign.TestPaginatedDeliveries" name="test_deliveries_empty_state_for_unknown_partner" time="0.049" /><testcase classname="tests.test_iteration_18_partners_redesign.TestSanitizationFix" name="test_short_name_and_mobile_no_longer_502" time="2.166" /><testcase classname="tests.test_iteration_18_partners_redesign.TestChargesAPI" name="test_create_charge_returns_real_mayar_link" time="1.936" /><testcase classname="tests.test_iteration_18_partners_redesign.TestChargesAPI" name="test_idempotent_same_reference" time="2.358" /><testcase classname="tests.test_iteration_18_partners_redesign.TestChargesAPI" name="test_amount_min_max" time="0.223" /><testcase classname="tests.test_iteration_18_partners_redesign.TestChargesAPI" name="test_missing_and_blank_reference" time="0.220" /><testcase classname="tests.test_iteration_18_partners_redesign.TestChargesAPI" name="test_get_charge_reverifies" time="2.376" /><testcase classname="tests.test_iteration_18_partners_redesign.TestAuthAndRBAC" name="test_no_auth_header" time="0.120" /><testcase classname="tests.test_iteration_18_partners_redesign.TestAuthAndRBAC" name="test_bad_key" time="0.098" /><testcase classname="tests.test_iteration_18_partners_redesign.TestAuthAndRBAC" name="test_inactive_partner_key_rejected" time="0.193" /><testcase classname="tests.test_iteration_18_partners_redesign.TestAuthAndRBAC" name="test_teammate_forbidden_on_admin_partners" time="0.389" /><testcase classname="tests.test_iteration_18_partners_redesign.TestWebhookSafety" name="test_public_mayar_webhook_does_not_mark_paid" time="8.813" /><testcase classname="tests.test_iteration_18_partners_redesign.TestSettingsMutations" name="test_rotate_key_and_secret" time="0.092" /><testcase classname="tests.test_iteration_18_partners_redesign.TestSettingsMutations" name="test_patch_webhook_url" time="0.185" /></testsuite></testsuites>