<?xml version="1.0" encoding="utf-8"?><testsuites name="pytest tests"><testsuite name="pytest" errors="0" failures="0" skipped="0" tests="12" time="8.499" timestamp="2026-08-04T00:05:02.086759+00:00" hostname="agent-env-b466b97e-2471-4939-be72-503dbc1b54c5"><testcase classname="tests.test_iteration_16_wallet.TestWalletSummary" name="test_summary_shape" time="0.550" /><testcase classname="tests.test_iteration_16_wallet.TestTopup" name="test_topup_below_min" time="0.044" /><testcase classname="tests.test_iteration_16_wallet.TestTopup" name="test_topup_creates_real_mayar_invoice" time="2.108" /><testcase classname="tests.test_iteration_16_wallet.TestTopup" name="test_topup_status_pending_uncredited" time="2.418" /><testcase classname="tests.test_iteration_16_wallet.TestWebhookSecurity" name="test_forged_webhook_valid_token_unpaid_invoice_does_not_credit" time="2.423" /><testcase classname="tests.test_iteration_16_wallet.TestWebhookSecurity" name="test_webhook_unmatched_order" time="0.098" /><testcase classname="tests.test_iteration_16_wallet.TestWebhookSecurity" name="test_webhook_ignored_event" time="0.117" /><testcase classname="tests.test_iteration_16_wallet.TestInsufficient" name="test_purchase_plan_insufficient" time="0.045" /><testcase classname="tests.test_iteration_16_wallet.TestAdminAndPurchase" name="test_admin_adjust_and_purchase" time="0.482" /><testcase classname="tests.test_iteration_16_wallet.TestAdminAndPurchase" name="test_admin_adjust_forbidden_for_non_admin" time="0.046" /><testcase classname="tests.test_iteration_16_wallet.TestMockDisabled" name="test_checkout_disabled" time="0.046" /><testcase classname="tests.test_iteration_16_wallet.TestMockDisabled" name="test_simulate_payment_disabled" time="0.047" /></testsuite></testsuites>