<?xml version="1.0" encoding="utf-8"?><testsuites name="pytest tests"><testsuite name="pytest" errors="0" failures="1" skipped="0" tests="11" time="36.710" timestamp="2026-08-02T17:20:29.730739+00:00" hostname="agent-env-b466b97e-2471-4939-be72-503dbc1b54c5"><testcase classname="tests.test_iter8_team_webhooks_branded.TestTeamMembers" name="test_list_members" time="0.397" /><testcase classname="tests.test_iter8_team_webhooks_branded.TestTeamMembers" name="test_non_manager_forbidden" time="0.372" /><testcase classname="tests.test_iter8_team_webhooks_branded.TestInvitations" name="test_invalid_role" time="0.046" /><testcase classname="tests.test_iter8_team_webhooks_branded.TestInvitations" name="test_duplicate_member_409" time="0.044" /><testcase classname="tests.test_iter8_team_webhooks_branded.TestInvitations" name="test_lookup_unknown_token_404" time="0.109" /><testcase classname="tests.test_iter8_team_webhooks_branded.TestInvitations" name="test_full_invite_accept_flow" time="1.174"><failure message="requests.exceptions.InvalidHeader: Header part ({'id': '51b3c6ea-25a1-4c5d-8d5e-0d6d314aea61', 'name': &quot;Invited User's Workspace&quot;, 'slug': 'ws-51b3c6ea', 'owner_id': '6a6f7c5fd8360dc25b3b1dd4', 'plan': 'free', 'created_at': '2026-08-02T17:20:31.294449+00:00', 'role': 'owner', 'primary_domain': None}) from ('X-Workspace-Id', {'id': '51b3c6ea-25a1-4c5d-8d5e-0d6d314aea61', 'name': &quot;Invited User's Workspace&quot;, 'slug': 'ws-51b3c6ea', 'owner_id': '6a6f7c5fd8360dc25b3b1dd4', 'plan': 'free', 'created_at': '2026-08-02T17:20:31.294449+00:00', 'role': 'owner', 'primary_domain': None}) must be of type str or bytes, not &lt;class 'dict'&gt;">backend/tests/test_iter8_team_webhooks_branded.py:131: in test_full_invite_accept_flow
    ra = ns.post(f"{API}/team/invitations/accept", json={"token": token})
         ^^^^^^^^^^^^^^^^^^^^^^^^^^^^^^^^^^^^^^^^^^^^^^^^^^^^^^^^^^^^^^^^
/root/.venv/lib/python3.11/site-packages/requests/sessions.py:712: in post
    return self.request("POST", url, data=data, json=json, **kwargs)
           ^^^^^^^^^^^^^^^^^^^^^^^^^^^^^^^^^^^^^^^^^^^^^^^^^^^^^^^^^
/root/.venv/lib/python3.11/site-packages/requests/sessions.py:635: in request
    prep = self.prepare_request(req)
           ^^^^^^^^^^^^^^^^^^^^^^^^^
/root/.venv/lib/python3.11/site-packages/requests/sessions.py:541: in prepare_request
    p.prepare(
/root/.venv/lib/python3.11/site-packages/requests/models.py:440: in prepare
    self.prepare_headers(headers)
/root/.venv/lib/python3.11/site-packages/requests/models.py:570: in prepare_headers
    check_header_validity(header)
/root/.venv/lib/python3.11/site-packages/requests/utils.py:1095: in check_header_validity
    _validate_header_part(header, value, 1)
/root/.venv/lib/python3.11/site-packages/requests/utils.py:1109: in _validate_header_part
    raise InvalidHeader(
E   requests.exceptions.InvalidHeader: Header part ({'id': '51b3c6ea-25a1-4c5d-8d5e-0d6d314aea61', 'name': "Invited User's Workspace", 'slug': 'ws-51b3c6ea', 'owner_id': '6a6f7c5fd8360dc25b3b1dd4', 'plan': 'free', 'created_at': '2026-08-02T17:20:31.294449+00:00', 'role': 'owner', 'primary_domain': None}) from ('X-Workspace-Id', {'id': '51b3c6ea-25a1-4c5d-8d5e-0d6d314aea61', 'name': "Invited User's Workspace", 'slug': 'ws-51b3c6ea', 'owner_id': '6a6f7c5fd8360dc25b3b1dd4', 'plan': 'free', 'created_at': '2026-08-02T17:20:31.294449+00:00', 'role': 'owner', 'primary_domain': None}) must be of type str or bytes, not &lt;class 'dict'&gt;</failure></testcase><testcase classname="tests.test_iter8_team_webhooks_branded.TestMemberManagementGuards" name="test_owner_role_change_400" time="0.045" /><testcase classname="tests.test_iter8_team_webhooks_branded.TestMemberManagementGuards" name="test_owner_delete_400" time="0.047" /><testcase classname="tests.test_iter8_team_webhooks_branded.TestMemberManagementGuards" name="test_change_and_remove_member" time="0.850" /><testcase classname="tests.test_iter8_team_webhooks_branded.TestBrandedDomain" name="test_primary_domain_flag" time="0.139" /><testcase classname="tests.test_iter8_team_webhooks_branded.TestWebhookRetry" name="test_create_test_retry_flow" time="33.289" /></testsuite></testsuites>