<?xml version="1.0" encoding="utf-8"?><testsuites name="pytest tests"><testsuite name="pytest" errors="0" failures="0" skipped="0" tests="9" time="2.155" timestamp="2026-08-09T16:57:34.717363+00:00" hostname="agent-env-2e02b9fa-da20-4c89-8dec-d2a1b21b62fc"><testcase classname="tests.test_iteration_19_passes.TestPassCatalog" name="test_passes_list" time="0.222" /><testcase classname="tests.test_iteration_19_passes.TestPassCatalog" name="test_pass_price_30d_100k" time="0.227" /><testcase classname="tests.test_iteration_19_passes.TestAdminCreditSettings" name="test_put_and_get_requests_per_credit" time="0.557" /><testcase classname="tests.test_iteration_19_passes.TestPassCatalog" name="test_pass_price_1d_1000" time="0.166" /><testcase classname="tests.test_iteration_19_passes.TestAdminCreditSettings" name="test_reflected_in_wallet_summary" time="0.604" /><testcase classname="tests.test_iteration_19_passes.TestPurchasePass" name="test_insufficient_returns_402" time="0.690" /><testcase classname="tests.test_iteration_19_passes.TestAdminCreditSettings" name="test_reset_to_333" time="0.060" /><testcase classname="tests.test_iteration_19_passes.TestEntitlement" name="test_entitlement_shape" time="0.051" /><testcase classname="tests.test_iteration_19_passes.TestPurchasePass" name="test_credit_and_purchase_success" time="0.522" /></testsuite></testsuites>