<?xml version="1.0" encoding="utf-8"?><testsuites name="pytest tests"><testsuite name="pytest" errors="0" failures="1" skipped="0" tests="6" time="12.199" timestamp="2026-08-02T17:36:08.413765+00:00" hostname="agent-env-b466b97e-2471-4939-be72-503dbc1b54c5"><testcase classname="tests.test_iter9_notifications.TestBlockedTrafficProducer" name="test_blocked_traffic_creates_notification_and_throttles" time="0.687"><failure message="AssertionError: create link: 422 {&quot;detail&quot;:[{&quot;type&quot;:&quot;missing&quot;,&quot;loc&quot;:[&quot;body&quot;,&quot;name&quot;],&quot;msg&quot;:&quot;Field required&quot;,&quot;input&quot;:{&quot;destination_url&quot;:&quot;https://example.com/&quot;,&quot;alias&quot;:&quot;iter9blkb63e98&quot;,&quot;protection_preset&quot;:&quot;strict&quot;},&quot;url&quot;:&quot;https://errors.pydantic.dev/2.13/v/missing&quot;}]}&#10;assert 422 in (200, 201)&#10; +  where 422 = &lt;Response [422]&gt;.status_code">backend/tests/test_iter9_notifications.py:90: in test_blocked_traffic_creates_notification_and_throttles
    assert r.status_code in (200, 201), f"create link: {r.status_code} {r.text}"
E   AssertionError: create link: 422 {"detail":[{"type":"missing","loc":["body","name"],"msg":"Field required","input":{"destination_url":"https://example.com/","alias":"iter9blkb63e98","protection_preset":"strict"},"url":"https://errors.pydantic.dev/2.13/v/missing"}]}
E   assert 422 in (200, 201)
E    +  where 422 = &lt;Response [422]&gt;.status_code</failure></testcase><testcase classname="tests.test_iter9_notifications.TestNotificationsCRUD" name="test_list_endpoint" time="0.738" /><testcase classname="tests.test_iter9_notifications.TestWebhookFailedProducer" name="test_failed_webhook_creates_notification" time="9.518" /><testcase classname="tests.test_iter9_notifications.TestNotificationsCRUD" name="test_unread_count" time="0.046" /><testcase classname="tests.test_iter9_notifications.TestNotificationsCRUD" name="test_requires_workspace_header" time="0.368" /><testcase classname="tests.test_iter9_notifications.TestMemberJoinedProducer" name="test_invite_register_accept_produces_notification" time="1.637" /></testsuite></testsuites>