<?xml version="1.0" encoding="utf-8"?><testsuites name="pytest tests"><testsuite name="pytest" errors="0" failures="0" skipped="0" tests="18" time="2.271" timestamp="2026-08-03T02:52:24.544339+00:00" hostname="agent-env-b466b97e-2471-4939-be72-503dbc1b54c5"><testcase classname="tests.test_iteration_15.TestBranding" name="test_favicon" time="0.210" /><testcase classname="tests.test_iteration_15.TestCORS" name="test_evil_origin_local_not_echoed" time="0.002" /><testcase classname="tests.test_iteration_15.TestCORS" name="test_trusted_origin_local_echoed" time="0.002" /><testcase classname="tests.test_iteration_15.TestCORS" name="test_evil_origin_public_info" time="0.130" /><testcase classname="tests.test_iteration_15.TestWebhookSSRF" name="test_reject_private[http://127.0.0.1/hook]" time="0.413" /><testcase classname="tests.test_iteration_15.TestWebhookSSRF" name="test_reject_private[http://169.254.169.254/latest]" time="0.046" /><testcase classname="tests.test_iteration_15.TestWebhookSSRF" name="test_reject_private[http://localhost/x]" time="0.046" /><testcase classname="tests.test_iteration_15.TestWebhookSSRF" name="test_accept_public_and_cleanup" time="0.120" /><testcase classname="tests.test_iteration_15.TestContactRateLimit" name="test_public_ticket_and_rate_limit" time="0.461" /><testcase classname="tests.test_iteration_15.TestSearchRegression" name="test_links_search" time="0.047" /><testcase classname="tests.test_iteration_15.TestSearchRegression" name="test_links_search_regex[.*]" time="0.045" /><testcase classname="tests.test_iteration_15.TestSearchRegression" name="test_links_search_regex[(a+)+]" time="0.048" /><testcase classname="tests.test_iteration_15.TestSearchRegression" name="test_links_search_regex[[]" time="0.046" /><testcase classname="tests.test_iteration_15.TestSearchRegression" name="test_admin_users_search" time="0.397" /><testcase classname="tests.test_iteration_15.TestSearchRegression" name="test_admin_users_search_regex[.*]" time="0.044" /><testcase classname="tests.test_iteration_15.TestSearchRegression" name="test_admin_users_search_regex[(a+)+]" time="0.043" /><testcase classname="tests.test_iteration_15.TestAuthRegression" name="test_admin_login_and_me" time="0.043" /><testcase classname="tests.test_iteration_15.TestAuthRegression" name="test_teammate_login_and_me" time="0.050" /></testsuite></testsuites>