<?xml version="1.0" encoding="utf-8"?><testsuites name="pytest tests"><testsuite name="pytest" errors="0" failures="0" skipped="0" tests="19" time="15.287" timestamp="2026-08-04T02:14:23.445004+00:00" hostname="agent-env-b466b97e-2471-4939-be72-503dbc1b54c5"><testcase classname="tests.test_iteration_17_partners.TestPartnerCRUD" name="test_create_returns_key_and_secret_once" time="0.491" /><testcase classname="tests.test_iteration_17_partners.TestPartnerCRUD" name="test_list_includes_partner" time="0.063" /><testcase classname="tests.test_iteration_17_partners.TestPartnerCRUD" name="test_detail_has_stats_charges_deliveries" time="0.065" /><testcase classname="tests.test_iteration_17_partners.TestPartnerCRUD" name="test_patch_webhook_url" time="0.066" /><testcase classname="tests.test_iteration_17_partners.TestPartnerCRUD" name="test_rotate_key_returns_new_key" time="0.065" /><testcase classname="tests.test_iteration_17_partners.TestPartnerCRUD" name="test_rotate_secret_returns_new_secret" time="0.064" /><testcase classname="tests.test_iteration_17_partners.TestPartnerCRUD" name="test_deactivate_then_reactivate" time="0.336" /><testcase classname="tests.test_iteration_17_partners.TestChargesAPI" name="test_create_charge_returns_real_mayar_link" time="2.338" /><testcase classname="tests.test_iteration_17_partners.TestChargesAPI" name="test_get_charge_returns_pending" time="2.321" /><testcase classname="tests.test_iteration_17_partners.TestChargesAPI" name="test_idempotent_same_reference" time="2.335" /><testcase classname="tests.test_iteration_17_partners.TestChargesAPI" name="test_amount_below_min" time="0.113" /><testcase classname="tests.test_iteration_17_partners.TestChargesAPI" name="test_amount_above_max" time="0.110" /><testcase classname="tests.test_iteration_17_partners.TestChargesAPI" name="test_missing_reference_id" time="0.217" /><testcase classname="tests.test_iteration_17_partners.TestChargesAPI" name="test_blank_reference_id" time="0.115" /><testcase classname="tests.test_iteration_17_partners.TestPartnerAuth" name="test_no_auth_header" time="0.106" /><testcase classname="tests.test_iteration_17_partners.TestPartnerAuth" name="test_bad_key" time="0.097" /><testcase classname="tests.test_iteration_17_partners.TestRBAC" name="test_teammate_cannot_list_admin_partners" time="0.371" /><testcase classname="tests.test_iteration_17_partners.TestWebhookSafety" name="test_public_mayar_webhook_does_not_mark_paid" time="5.734" /><testcase classname="tests.test_iteration_17_partners.TestCleanup" name="test_delete_partner_cascades" time="0.198" /></testsuite></testsuites>