<?xml version="1.0" encoding="utf-8"?><testsuites name="pytest tests"><testsuite name="pytest" errors="0" failures="0" skipped="0" tests="23" time="67.487" timestamp="2026-08-02T20:13:34.145553+00:00" hostname="agent-env-b466b97e-2471-4939-be72-503dbc1b54c5"><testcase classname="tests.test_iter11_admin_suspension" name="test_admin_endpoints_allow_admin[/admin/overview]" time="0.553" /><testcase classname="tests.test_iter11_admin_suspension" name="test_admin_endpoints_allow_admin[/admin/users]" time="0.048" /><testcase classname="tests.test_iter11_admin_suspension" name="test_admin_endpoints_allow_admin[/admin/workspaces]" time="0.079" /><testcase classname="tests.test_iter11_admin_suspension" name="test_admin_endpoints_allow_admin[/admin/revenue]" time="0.067" /><testcase classname="tests.test_iter11_admin_suspension" name="test_admin_endpoints_allow_admin[/admin/security-events]" time="0.049" /><testcase classname="tests.test_iter11_admin_suspension" name="test_admin_endpoints_allow_admin[/admin/global-blocklist]" time="0.049" /><testcase classname="tests.test_iter11_admin_suspension" name="test_admin_endpoints_allow_admin[/admin/api-usage]" time="0.065" /><testcase classname="tests.test_iter11_admin_suspension" name="test_admin_endpoints_allow_admin[/admin/feeds]" time="0.051" /><testcase classname="tests.test_iter11_admin_suspension" name="test_admin_endpoints_forbid_non_admin[/admin/overview]" time="0.379" /><testcase classname="tests.test_iter11_admin_suspension" name="test_admin_endpoints_forbid_non_admin[/admin/users]" time="0.051" /><testcase classname="tests.test_iter11_admin_suspension" name="test_admin_endpoints_forbid_non_admin[/admin/workspaces]" time="0.046" /><testcase classname="tests.test_iter11_admin_suspension" name="test_admin_endpoints_forbid_non_admin[/admin/revenue]" time="0.045" /><testcase classname="tests.test_iter11_admin_suspension" name="test_admin_endpoints_forbid_non_admin[/admin/security-events]" time="0.044" /><testcase classname="tests.test_iter11_admin_suspension" name="test_admin_endpoints_forbid_non_admin[/admin/global-blocklist]" time="0.044" /><testcase classname="tests.test_iter11_admin_suspension" name="test_admin_endpoints_forbid_non_admin[/admin/api-usage]" time="0.047" /><testcase classname="tests.test_iter11_admin_suspension" name="test_admin_endpoints_forbid_non_admin[/admin/feeds]" time="0.046" /><testcase classname="tests.test_iter11_admin_suspension" name="test_admin_endpoints_forbid_anonymous" time="0.107" /><testcase classname="tests.test_iter11_admin_suspension" name="test_global_blocklist_add_and_remove" time="0.288" /><testcase classname="tests.test_iter11_admin_suspension" name="test_suspend_user_blocks_login_and_unsuspend_restores" time="1.054" /><testcase classname="tests.test_iter11_admin_suspension" name="test_admin_cannot_modify_self" time="0.095" /><testcase classname="tests.test_iter11_admin_suspension" name="test_last_admin_demotion_blocked" time="0.057" /><testcase classname="tests.test_iter11_admin_suspension" name="test_workspace_suspension_blocks_redirect" time="63.931" /><testcase classname="tests.test_iter11_admin_suspension" name="test_cleanup_ensure_admin_and_teammate_not_suspended" time="0.213" /></testsuite></testsuites>