<?xml version="1.0" encoding="utf-8"?><testsuites name="pytest tests"><testsuite name="pytest" errors="0" failures="1" skipped="0" tests="26" time="10.481" timestamp="2026-08-02T05:27:17.294284+00:00" hostname="agent-env-b466b97e-2471-4939-be72-503dbc1b54c5"><testcase classname="tests.backend_test.TestAuth" name="test_register_and_me" time="0.644" /><testcase classname="tests.backend_test.TestLinks" name="test_create_link_auto_alias" time="0.643" /><testcase classname="tests.backend_test.TestAuth" name="test_duplicate_register_409" time="0.680" /><testcase classname="tests.backend_test.TestLinks" name="test_create_link_custom_alias_and_duplicate" time="0.664" /><testcase classname="tests.backend_test.TestAuth" name="test_login_admin" time="0.536" /><testcase classname="tests.backend_test.TestLinks" name="test_unsafe_urls_rejected[javascript:alert(1)]" time="0.593" /><testcase classname="tests.backend_test.TestAuth" name="test_login_wrong_password_401" time="0.327" /><testcase classname="tests.backend_test.TestAuth" name="test_me_without_cookie_401" time="0.252" /><testcase classname="tests.backend_test.TestAuth" name="test_logout_clears_cookies" time="0.708" /><testcase classname="tests.backend_test.TestLinks" name="test_unsafe_urls_rejected[file:///etc/passwd]" time="0.582" /><testcase classname="tests.backend_test.TestLinks" name="test_unsafe_urls_rejected[http://169.254.169.254]" time="0.611" /><testcase classname="tests.backend_test.TestAuth" name="test_brute_force_lockout_429" time="3.064"><failure message="AssertionError: Expected 429 lockout after multiple failed attempts&#10;assert False">E   AssertionError: Expected 429 lockout after multiple failed attempts
    assert False</failure></testcase><testcase classname="tests.backend_test.TestLinks" name="test_unsafe_urls_rejected[http://127.0.0.1]" time="0.577" /><testcase classname="tests.backend_test.TestLinks" name="test_unsafe_urls_rejected[http://localhost/admin]" time="0.798" /><testcase classname="tests.backend_test.TestLinks" name="test_list_links_scoped" time="1.424" /><testcase classname="tests.backend_test.TestAuth" name="test_forgot_password_neutral" time="0.253" /><testcase classname="tests.backend_test.TestLinks" name="test_link_crud_flow" time="1.234" /><testcase classname="tests.backend_test.TestAuth" name="test_reset_password_invalid_token" time="0.096" /><testcase classname="tests.backend_test.TestRedirectAndAnalytics" name="test_redirect_302_and_analytics" time="2.783" /><testcase classname="tests.backend_test.TestHealth" name="test_health" time="0.116" /><testcase classname="tests.backend_test.TestHealth" name="test_ready" time="0.099" /><testcase classname="tests.backend_test.TestHealth" name="test_redirect_health" time="0.091" /><testcase classname="tests.backend_test.TestTenantIsolation" name="test_cross_workspace_returns_404" time="0.921" /><testcase classname="tests.backend_test.TestBilling" name="test_plans" time="0.099" /><testcase classname="tests.backend_test.TestRedirectAndAnalytics" name="test_paused_link_returns_404_page" time="0.503" /><testcase classname="tests.backend_test.TestRedirectAndAnalytics" name="test_nonexistent_alias_404" time="0.094" /></testsuite></testsuites>